<?xml version="1.0" encoding="UTF-8"?>
<testng-results ignored="0" total="1" passed="1" failed="0" skipped="0">
  <reporter-output>
  </reporter-output>
  <suite started-at="2026-05-18T11:45:07 IST" name="Suite" finished-at="2026-05-18T11:45:14 IST" duration-ms="6338">
    <groups>
      <group name="cucumber">
        <method signature="AbstractTestNGCucumberTests.runScenario(io.cucumber.testng.PickleWrapper,io.cucumber.testng.FeatureWrapper)[pri:0, instance:runner.SmokeTesting@4116aac9]" name="runScenario" class="io.cucumber.testng.AbstractTestNGCucumberTests"/>
      </group> <!-- cucumber -->
    </groups>
    <test started-at="2026-05-18T11:45:07 IST" name="Test" finished-at="2026-05-18T11:45:14 IST" duration-ms="6338">
      <class name="runner.SmokeTesting">
        <test-method is-config="true" signature="setUpClass(org.testng.ITestContext)[pri:0, instance:runner.SmokeTesting@4116aac9]" started-at="2026-05-18T11:45:08 IST" name="setUpClass" finished-at="2026-05-18T11:45:08 IST" duration-ms="573" status="PASS">
          <params>
            <param index="0">
              <value>
                <![CDATA[org.testng.TestRunner@72ee5d84]]>
              </value>
            </param>
          </params>
          <reporter-output>
          </reporter-output>
        </test-method> <!-- setUpClass -->
        <test-method signature="runScenario(io.cucumber.testng.PickleWrapper,io.cucumber.testng.FeatureWrapper)[pri:0, instance:runner.SmokeTesting@4116aac9]" started-at="2026-05-18T11:45:08 IST" name="runScenario" description="Runs Cucumber Scenarios" data-provider="scenarios" finished-at="2026-05-18T11:45:14 IST" duration-ms="5711" status="PASS">
          <params>
            <param index="0">
              <value>
                <![CDATA["Successful login with valid credentials"]]>
              </value>
            </param>
            <param index="1">
              <value>
                <![CDATA["Cura Healthcare Login Testing"]]>
              </value>
            </param>
          </params>
          <reporter-output>
          </reporter-output>
        </test-method> <!-- runScenario -->
        <test-method is-config="true" signature="tearDownClass()[pri:0, instance:runner.SmokeTesting@4116aac9]" started-at="2026-05-18T11:45:14 IST" name="tearDownClass" finished-at="2026-05-18T11:45:14 IST" duration-ms="14" status="PASS">
          <reporter-output>
          </reporter-output>
        </test-method> <!-- tearDownClass -->
      </class> <!-- runner.SmokeTesting -->
    </test> <!-- Test -->
  </suite> <!-- Suite -->
</testng-results>
